[0727/165318.581:ERROR:crash_report_database_win.cc(558)] GetFileAttributes C:\Users\ALEKSA~1.RYZ\AppData\Local\Temp\scoped_dir29052_671552968\Crashpad: The system cannot find the file specified. (0x2)
[0727/171225.347:ERROR:crash_report_database_win.cc(558)] GetFileAttributes C:\Users\ALEKSA~1.RYZ\AppData\Local\Temp\scoped_dir23196_520071314\Crashpad: The system cannot find the file specified. (0x2)
[0727/171606.745:ERROR:crash_report_database_win.cc(558)] GetFileAttributes C:\Users\ALEKSA~1.RYZ\AppData\Local\Temp\scoped_dir24868_4149996\Crashpad: The system cannot find the file specified. (0x2)
[0728/151959.320:ERROR:crash_report_database_win.cc(558)] GetFileAttributes C:\Users\ALEKSA~1.RYZ\AppData\Local\Temp\scoped_dir19392_368875288\Crashpad: The system cannot find the file specified. (0x2)
[0728/152618.000:ERROR:crash_report_database_win.cc(558)] GetFileAttributes C:\Users\ALEKSA~1.RYZ\AppData\Local\Temp\scoped_dir26952_1603991535\Crashpad: The system cannot find the file specified. (0x2)
[0728/153045.757:ERROR:crash_report_database_win.cc(558)] GetFileAttributes C:\Users\ALEKSA~1.RYZ\AppData\Local\Temp\scoped_dir5492_824725953\Crashpad: The system cannot find the file specified. (0x2)
[0728/153214.096:ERROR:prune_crash_reports.cc(35)] PruneCrashReportDatabase: Failed to get pending reports
[0728/153313.160:ERROR:crash_report_database_win.cc(558)] GetFileAttributes C:\Users\ALEKSA~1.RYZ\AppData\Local\Temp\scoped_dir28636_1057369384\Crashpad: The system cannot find the file specified. (0x2)
[0728/153326.635:ERROR:crash_report_database_win.cc(558)] GetFileAttributes C:\Users\ALEKSA~1.RYZ\AppData\Local\Temp\scoped_dir22176_151322928\Crashpad: The system cannot find the file specified. (0x2)
[0729/131502.876:ERROR:process_reader_win.cc(123)] NtOpenThread: {Access Denied} A process has requested access to an object, but has not been granted those access rights. (0xc0000022)
[0729/131502.901:ERROR:exception_snapshot_win.cc(98)] thread ID 31656 not found in process
[0729/143545.326:ERROR:crash_report_database_win.cc(558)] GetFileAttributes C:\Users\ALEKSA~1.RYZ\AppData\Local\Temp\scoped_dir19904_410036156\Crashpad: The system cannot find the file specified. (0x2)
[0729/143630.182:ERROR:crash_report_database_win.cc(558)] GetFileAttributes C:\Users\ALEKSA~1.RYZ\AppData\Local\Temp\scoped_dir11540_155704344\Crashpad: The system cannot find the file specified. (0x2)
[0729/144056.099:ERROR:crash_report_database_win.cc(558)] GetFileAttributes C:\Users\ALEKSA~1.RYZ\AppData\Local\Temp\scoped_dir14528_549020770\Crashpad: The system cannot find the file specified. (0x2)
[0729/145025.222:ERROR:crash_report_database_win.cc(558)] GetFileAttributes C:\Users\ALEKSA~1.RYZ\AppData\Local\Temp\scoped_dir4244_505909249\Crashpad: The system cannot find the file specified. (0x2)
[0729/145700.305:ERROR:crash_report_database_win.cc(558)] GetFileAttributes C:\Users\ALEKSA~1.RYZ\AppData\Local\Temp\scoped_dir18920_1377855979\Crashpad: The system cannot find the file specified. (0x2)
[0729/145839.335:ERROR:crash_report_database_win.cc(558)] GetFileAttributes C:\Users\ALEKSA~1.RYZ\AppData\Local\Temp\scoped_dir13964_618891627\Crashpad: The system cannot find the file specified. (0x2)
[0729/150329.198:ERROR:crash_report_database_win.cc(558)] GetFileAttributes C:\Users\ALEKSA~1.RYZ\AppData\Local\Temp\scoped_dir13688_721760721\Crashpad: The system cannot find the file specified. (0x2)
[0729/150646.043:ERROR:crash_report_database_win.cc(558)] GetFileAttributes C:\Users\ALEKSA~1.RYZ\AppData\Local\Temp\scoped_dir3600_49943518\Crashpad: The system cannot find the file specified. (0x2)
[0729/151622.880:ERROR:crash_report_database_win.cc(558)] GetFileAttributes C:\Users\ALEKSA~1.RYZ\AppData\Local\Temp\scoped_dir8364_685621359\Crashpad: The system cannot find the file specified. (0x2)
[0729/153530.041:ERROR:crash_report_database_win.cc(558)] GetFileAttributes C:\Users\ALEKSA~1.RYZ\AppData\Local\Temp\scoped_dir13536_1656464152\Crashpad: The system cannot find the file specified. (0x2)
[0729/153542.272:ERROR:crash_report_database_win.cc(558)] GetFileAttributes C:\Users\ALEKSA~1.RYZ\AppData\Local\Temp\scoped_dir10300_1870407094\Crashpad: The system cannot find the file specified. (0x2)
[0729/153553.735:ERROR:crash_report_database_win.cc(558)] GetFileAttributes C:\Users\ALEKSA~1.RYZ\AppData\Local\Temp\scoped_dir14072_1787221102\Crashpad: The system cannot find the file specified. (0x2)
[0729/153604.805:ERROR:crash_report_database_win.cc(558)] GetFileAttributes C:\Users\ALEKSA~1.RYZ\AppData\Local\Temp\scoped_dir9364_935558139\Crashpad: The system cannot find the file specified. (0x2)
[0729/153617.816:ERROR:crash_report_database_win.cc(558)] GetFileAttributes C:\Users\ALEKSA~1.RYZ\AppData\Local\Temp\scoped_dir6004_943176051\Crashpad: The system cannot find the file specified. (0x2)
[0729/153630.080:ERROR:crash_report_database_win.cc(558)] GetFileAttributes C:\Users\ALEKSA~1.RYZ\AppData\Local\Temp\scoped_dir12580_395132583\Crashpad: The system cannot find the file specified. (0x2)
[0729/161029.483:ERROR:crash_report_database_win.cc(558)] GetFileAttributes C:\Users\ALEKSA~1.RYZ\AppData\Local\Temp\scoped_dir10552_1513837165\Crashpad: The system cannot find the file specified. (0x2)
[0729/161043.323:ERROR:crash_report_database_win.cc(558)] GetFileAttributes C:\Users\ALEKSA~1.RYZ\AppData\Local\Temp\scoped_dir2904_1285309708\Crashpad: The system cannot find the file specified. (0x2)
[0729/161106.222:ERROR:crash_report_database_win.cc(558)] GetFileAttributes C:\Users\ALEKSA~1.RYZ\AppData\Local\Temp\scoped_dir17728_635755750\Crashpad: The system cannot find the file specified. (0x2)
[0729/161109.839:ERROR:crash_report_database_win.cc(558)] GetFileAttributes C:\Users\ALEKSA~1.RYZ\AppData\Local\Temp\scoped_dir9084_704822841\Crashpad: The system cannot find the file specified. (0x2)
[0729/161126.148:ERROR:crash_report_database_win.cc(558)] GetFileAttributes C:\Users\ALEKSA~1.RYZ\AppData\Local\Temp\scoped_dir5792_27718541\Crashpad: The system cannot find the file specified. (0x2)
[0729/161138.393:ERROR:crash_report_database_win.cc(558)] GetFileAttributes C:\Users\ALEKSA~1.RYZ\AppData\Local\Temp\scoped_dir15216_202790944\Crashpad: The system cannot find the file specified. (0x2)
[0729/215836.049:ERROR:crash_report_database_win.cc(558)] GetFileAttributes C:\Users\ALEKSA~1.RYZ\AppData\Local\Temp\scoped_dir4752_1525692697\Crashpad: The system cannot find the file specified. (0x2)
[0729/215847.468:ERROR:crash_report_database_win.cc(558)] GetFileAttributes C:\Users\ALEKSA~1.RYZ\AppData\Local\Temp\scoped_dir12108_643117396\Crashpad: The system cannot find the file specified. (0x2)
[0729/215908.479:ERROR:crash_report_database_win.cc(558)] GetFileAttributes C:\Users\ALEKSA~1.RYZ\AppData\Local\Temp\scoped_dir11372_1990446244\Crashpad: The system cannot find the file specified. (0x2)
[0729/215936.109:ERROR:crash_report_database_win.cc(558)] GetFileAttributes C:\Users\ALEKSA~1.RYZ\AppData\Local\Temp\scoped_dir14392_1154397547\Crashpad: The system cannot find the file specified. (0x2)
[0729/220523.744:ERROR:crash_report_database_win.cc(558)] GetFileAttributes C:\Users\ALEKSA~1.RYZ\AppData\Local\Temp\scoped_dir20928_1059975257\Crashpad: The system cannot find the file specified. (0x2)
[0729/220532.658:ERROR:crash_report_database_win.cc(558)] GetFileAttributes C:\Users\ALEKSA~1.RYZ\AppData\Local\Temp\scoped_dir15596_2084376798\Crashpad: The system cannot find the file specified. (0x2)
[0729/220552.896:ERROR:crash_report_database_win.cc(558)] GetFileAttributes C:\Users\ALEKSA~1.RYZ\AppData\Local\Temp\scoped_dir11416_920100708\Crashpad: The system cannot find the file specified. (0x2)
[0729/220604.460:ERROR:crash_report_database_win.cc(558)] GetFileAttributes C:\Users\ALEKSA~1.RYZ\AppData\Local\Temp\scoped_dir21280_377672338\Crashpad: The system cannot find the file specified. (0x2)
[0729/220618.597:ERROR:crash_report_database_win.cc(558)] GetFileAttributes C:\Users\ALEKSA~1.RYZ\AppData\Local\Temp\scoped_dir5436_959475859\Crashpad: The system cannot find the file specified. (0x2)
[0729/221224.456:ERROR:crash_report_database_win.cc(558)] GetFileAttributes C:\Users\ALEKSA~1.RYZ\AppData\Local\Temp\scoped_dir21348_85261905\Crashpad: The system cannot find the file specified. (0x2)
[0729/221653.114:ERROR:crash_report_database_win.cc(558)] GetFileAttributes C:\Users\ALEKSA~1.RYZ\AppData\Local\Temp\scoped_dir3400_287857801\Crashpad: The system cannot find the file specified. (0x2)
[0729/221748.690:ERROR:crash_report_database_win.cc(558)] GetFileAttributes C:\Users\ALEKSA~1.RYZ\AppData\Local\Temp\scoped_dir6928_739732832\Crashpad: The system cannot find the file specified. (0x2)
[0729/221939.283:ERROR:crash_report_database_win.cc(558)] GetFileAttributes C:\Users\ALEKSA~1.RYZ\AppData\Local\Temp\scoped_dir19012_2118683354\Crashpad: The system cannot find the file specified. (0x2)
[0729/221958.880:ERROR:crash_report_database_win.cc(558)] GetFileAttributes C:\Users\ALEKSA~1.RYZ\AppData\Local\Temp\scoped_dir11800_219097863\Crashpad: The system cannot find the file specified. (0x2)


[0730/191628.166:ERROR:crash_report_database_win.cc(558)] GetFileAttributes C:\Users\ALEKSA~1.RYZ\AppData\Local\Temp\scoped_dir17972_136004195\Crashpad: The system cannot find the file specified. (0x2)
[0731/110319.138:ERROR:crash_report_database_win.cc(558)] GetFileAttributes C:\Users\ALEKSA~1.RYZ\AppData\Local\Temp\scoped_dir8372_1754881855\Crashpad: The system cannot find the file specified. (0x2)
[0731/110336.019:ERROR:crash_report_database_win.cc(558)] GetFileAttributes C:\Users\ALEKSA~1.RYZ\AppData\Local\Temp\scoped_dir11068_1791959212\Crashpad: The system cannot find the file specified. (0x2)
[0731/110356.077:ERROR:crash_report_database_win.cc(558)] GetFileAttributes C:\Users\ALEKSA~1.RYZ\AppData\Local\Temp\scoped_dir4652_1733194916\Crashpad: The system cannot find the file specified. (0x2)
[0731/110605.728:ERROR:crash_report_database_win.cc(558)] GetFileAttributes C:\Users\ALEKSA~1.RYZ\AppData\Local\Temp\scoped_dir13400_2063989151\Crashpad: The system cannot find the file specified. (0x2)
[0731/110626.139:ERROR:crash_report_database_win.cc(558)] GetFileAttributes C:\Users\ALEKSA~1.RYZ\AppData\Local\Temp\scoped_dir2648_1082287458\Crashpad: The system cannot find the file specified. (0x2)
[0731/112636.887:ERROR:crash_report_database_win.cc(558)] GetFileAttributes C:\Users\ALEKSA~1.RYZ\AppData\Local\Temp\scoped_dir12172_1095825560\Crashpad: The system cannot find the file specified. (0x2)
[0731/155037.180:ERROR:crash_report_database_win.cc(558)] GetFileAttributes C:\Users\ALEKSA~1.RYZ\AppData\Local\Temp\scoped_dir13156_409366558\Crashpad: The system cannot find the file specified. (0x2)
[0731/155044.064:ERROR:crash_report_database_win.cc(558)] GetFileAttributes C:\Users\ALEKSA~1.RYZ\AppData\Local\Temp\scoped_dir1580_1153345057\Crashpad: The system cannot find the file specified. (0x2)
[0731/155258.546:ERROR:crash_report_database_win.cc(558)] GetFileAttributes C:\Users\ALEKSA~1.RYZ\AppData\Local\Temp\scoped_dir20752_1348082171\Crashpad: The system cannot find the file specified. (0x2)
[0731/160007.224:ERROR:crash_report_database_win.cc(558)] GetFileAttributes C:\Users\ALEKSA~1.RYZ\AppData\Local\Temp\scoped_dir4220_477637339\Crashpad: The system cannot find the file specified. (0x2)
[0731/160014.050:ERROR:crash_report_database_win.cc(558)] GetFileAttributes C:\Users\ALEKSA~1.RYZ\AppData\Local\Temp\scoped_dir21132_1692810775\Crashpad: The system cannot find the file specified. (0x2)
[0731/160451.404:ERROR:crash_report_database_win.cc(558)] GetFileAttributes C:\Users\ALEKSA~1.RYZ\AppData\Local\Temp\scoped_dir16092_622691443\Crashpad: The system cannot find the file specified. (0x2)
[0731/160458.452:ERROR:crash_report_database_win.cc(558)] GetFileAttributes C:\Users\ALEKSA~1.RYZ\AppData\Local\Temp\scoped_dir19532_1807959757\Crashpad: The system cannot find the file specified. (0x2)
[0731/163150.514:ERROR:crash_report_database_win.cc(558)] GetFileAttributes C:\Users\ALEKSA~1.RYZ\AppData\Local\Temp\scoped_dir3028_957710254\Crashpad: The system cannot find the file specified. (0x2)
[0731/163503.076:ERROR:crash_report_database_win.cc(558)] GetFileAttributes C:\Users\ALEKSA~1.RYZ\AppData\Local\Temp\scoped_dir20836_2039580530\Crashpad: The system cannot find the file specified. (0x2)
[0731/163512.568:ERROR:crash_report_database_win.cc(558)] GetFileAttributes C:\Users\ALEKSA~1.RYZ\AppData\Local\Temp\scoped_dir12948_2103206874\Crashpad: The system cannot find the file specified. (0x2)
[0731/163738.569:ERROR:crash_report_database_win.cc(558)] GetFileAttributes C:\Users\ALEKSA~1.RYZ\AppData\Local\Temp\scoped_dir21692_2026068410\Crashpad: The system cannot find the file specified. (0x2)
[0731/163752.086:ERROR:crash_report_database_win.cc(558)] GetFileAttributes C:\Users\ALEKSA~1.RYZ\AppData\Local\Temp\scoped_dir21960_355253052\Crashpad: The system cannot find the file specified. (0x2)
[0731/163958.987:ERROR:crash_report_database_win.cc(558)] GetFileAttributes C:\Users\ALEKSA~1.RYZ\AppData\Local\Temp\scoped_dir22248_1061624939\Crashpad: The system cannot find the file specified. (0x2)
[0731/164015.907:ERROR:crash_report_database_win.cc(558)] GetFileAttributes C:\Users\ALEKSA~1.RYZ\AppData\Local\Temp\scoped_dir19068_1233893500\Crashpad: The system cannot find the file specified. (0x2)
[0731/164301.763:ERROR:crash_report_database_win.cc(558)] GetFileAttributes C:\Users\ALEKSA~1.RYZ\AppData\Local\Temp\scoped_dir2732_1882018575\Crashpad: The system cannot find the file specified. (0x2)
[0731/164319.302:ERROR:crash_report_database_win.cc(558)] GetFileAttributes C:\Users\ALEKSA~1.RYZ\AppData\Local\Temp\scoped_dir21100_581633577\Crashpad: The system cannot find the file specified. (0x2)
[0731/204229.046:ERROR:crash_report_database_win.cc(558)] GetFileAttributes C:\Users\ALEKSA~1.RYZ\AppData\Local\Temp\scoped_dir10856_1498746312\Crashpad: The system cannot find the file specified. (0x2)
[0731/204238.926:ERROR:crash_report_database_win.cc(558)] GetFileAttributes C:\Users\ALEKSA~1.RYZ\AppData\Local\Temp\scoped_dir1608_761264810\Crashpad: The system cannot find the file specified. (0x2)
[0731/204249.711:ERROR:crash_report_database_win.cc(558)] GetFileAttributes C:\Users\ALEKSA~1.RYZ\AppData\Local\Temp\scoped_dir18344_595764895\Crashpad: The system cannot find the file specified. (0x2)
[0731/204322.476:ERROR:crash_report_database_win.cc(558)] GetFileAttributes C:\Users\ALEKSA~1.RYZ\AppData\Local\Temp\scoped_dir10832_596428009\Crashpad: The system cannot find the file specified. (0x2)
[0731/204406.221:ERROR:crash_report_database_win.cc(558)] GetFileAttributes C:\Users\ALEKSA~1.RYZ\AppData\Local\Temp\scoped_dir21048_617389850\Crashpad: The system cannot find the file specified. (0x2)
[0731/204428.573:ERROR:crash_report_database_win.cc(558)] GetFileAttributes C:\Users\ALEKSA~1.RYZ\AppData\Local\Temp\scoped_dir7248_2015359340\Crashpad: The system cannot find the file specified. (0x2)
[0731/204445.709:ERROR:crash_report_database_win.cc(558)] GetFileAttributes C:\Users\ALEKSA~1.RYZ\AppData\Local\Temp\scoped_dir19132_528724877\Crashpad: The system cannot find the file specified. (0x2)
[0731/204801.265:ERROR:crash_report_database_win.cc(558)] GetFileAttributes C:\Users\ALEKSA~1.RYZ\AppData\Local\Temp\scoped_dir4320_439434252\Crashpad: The system cannot find the file specified. (0x2)
[0731/204811.547:ERROR:crash_report_database_win.cc(558)] GetFileAttributes C:\Users\ALEKSA~1.RYZ\AppData\Local\Temp\scoped_dir19492_1615701408\Crashpad: The system cannot find the file specified. (0x2)
[0731/204821.954:ERROR:crash_report_database_win.cc(558)] GetFileAttributes C:\Users\ALEKSA~1.RYZ\AppData\Local\Temp\scoped_dir2408_1722364688\Crashpad: The system cannot find the file specified. (0x2)
[0731/204832.445:ERROR:crash_report_database_win.cc(558)] GetFileAttributes C:\Users\ALEKSA~1.RYZ\AppData\Local\Temp\scoped_dir18932_1995402457\Crashpad: The system cannot find the file specified. (0x2)
[0731/204903.699:ERROR:crash_report_database_win.cc(558)] GetFileAttributes C:\Users\ALEKSA~1.RYZ\AppData\Local\Temp\scoped_dir10740_864752001\Crashpad: The system cannot find the file specified. (0x2)
[0731/204906.885:ERROR:crash_report_database_win.cc(558)] GetFileAttributes C:\Users\ALEKSA~1.RYZ\AppData\Local\Temp\scoped_dir11892_1828949567\Crashpad: The system cannot find the file specified. (0x2)
[0731/204941.552:ERROR:crash_report_database_win.cc(558)] GetFileAttributes C:\Users\ALEKSA~1.RYZ\AppData\Local\Temp\scoped_dir20636_706020541\Crashpad: The system cannot find the file specified. (0x2)
[0731/204948.501:ERROR:crash_report_database_win.cc(558)] GetFileAttributes C:\Users\ALEKSA~1.RYZ\AppData\Local\Temp\scoped_dir14996_1874251465\Crashpad: The system cannot find the file specified. (0x2)
[0731/205021.579:ERROR:crash_report_database_win.cc(558)] GetFileAttributes C:\Users\ALEKSA~1.RYZ\AppData\Local\Temp\scoped_dir16980_1874039012\Crashpad: The system cannot find the file specified. (0x2)
[0731/205106.039:ERROR:crash_report_database_win.cc(558)] GetFileAttributes C:\Users\ALEKSA~1.RYZ\AppData\Local\Temp\scoped_dir4380_561810538\Crashpad: The system cannot find the file specified. (0x2)
[0731/205441.068:ERROR:crash_report_database_win.cc(558)] GetFileAttributes C:\Users\ALEKSA~1.RYZ\AppData\Local\Temp\scoped_dir21352_98953624\Crashpad: The system cannot find the file specified. (0x2)
[0731/205456.073:ERROR:crash_report_database_win.cc(558)] GetFileAttributes C:\Users\ALEKSA~1.RYZ\AppData\Local\Temp\scoped_dir17928_1234360990\Crashpad: The system cannot find the file specified. (0x2)
[0731/205523.161:ERROR:crash_report_database_win.cc(558)] GetFileAttributes C:\Users\ALEKSA~1.RYZ\AppData\Local\Temp\scoped_dir18976_856637377\Crashpad: The system cannot find the file specified. (0x2)
[0731/205534.236:ERROR:crash_report_database_win.cc(558)] GetFileAttributes C:\Users\ALEKSA~1.RYZ\AppData\Local\Temp\scoped_dir15484_97347533\Crashpad: The system cannot find the file specified. (0x2)
[0731/205604.246:ERROR:crash_report_database_win.cc(558)] GetFileAttributes C:\Users\ALEKSA~1.RYZ\AppData\Local\Temp\scoped_dir7360_1630427566\Crashpad: The system cannot find the file specified. (0x2)
[0731/205614.877:ERROR:crash_report_database_win.cc(558)] GetFileAttributes C:\Users\ALEKSA~1.RYZ\AppData\Local\Temp\scoped_dir17604_1914559493\Crashpad: The system cannot find the file specified. (0x2)
[0731/205626.909:ERROR:crash_report_database_win.cc(558)] GetFileAttributes C:\Users\ALEKSA~1.RYZ\AppData\Local\Temp\scoped_dir3840_1904896816\Crashpad: The system cannot find the file specified. (0x2)
[0731/205646.605:ERROR:crash_report_database_win.cc(558)] GetFileAttributes C:\Users\ALEKSA~1.RYZ\AppData\Local\Temp\scoped_dir8636_1443683837\Crashpad: The system cannot find the file specified. (0x2)
[0731/205656.927:ERROR:crash_report_database_win.cc(558)] GetFileAttributes C:\Users\ALEKSA~1.RYZ\AppData\Local\Temp\scoped_dir2540_570924645\Crashpad: The system cannot find the file specified. (0x2)
[0731/205705.667:ERROR:crash_report_database_win.cc(558)] GetFileAttributes C:\Users\ALEKSA~1.RYZ\AppData\Local\Temp\scoped_dir19996_634049709\Crashpad: The system cannot find the file specified. (0x2)
[0731/205734.956:ERROR:crash_report_database_win.cc(558)] GetFileAttributes C:\Users\ALEKSA~1.RYZ\AppData\Local\Temp\scoped_dir13092_1723603323\Crashpad: The system cannot find the file specified. (0x2)
[0731/205813.425:ERROR:crash_report_database_win.cc(558)] GetFileAttributes C:\Users\ALEKSA~1.RYZ\AppData\Local\Temp\scoped_dir15484_423652034\Crashpad: The system cannot find the file specified. (0x2)
[0731/211153.438:ERROR:crash_report_database_win.cc(558)] GetFileAttributes C:\Users\ALEKSA~1.RYZ\AppData\Local\Temp\scoped_dir19492_487422559\Crashpad: The system cannot find the file specified. (0x2)
[0731/211220.326:ERROR:crash_report_database_win.cc(558)] GetFileAttributes C:\Users\ALEKSA~1.RYZ\AppData\Local\Temp\scoped_dir8676_1167475130\Crashpad: The system cannot find the file specified. (0x2)
[0731/211233.459:ERROR:crash_report_database_win.cc(558)] GetFileAttributes C:\Users\ALEKSA~1.RYZ\AppData\Local\Temp\scoped_dir3368_583818720\Crashpad: The system cannot find the file specified. (0x2)
[0731/211244.390:ERROR:crash_report_database_win.cc(558)] GetFileAttributes C:\Users\ALEKSA~1.RYZ\AppData\Local\Temp\scoped_dir5052_138945879\Crashpad: The system cannot find the file specified. (0x2)
[0731/211255.443:ERROR:crash_report_database_win.cc(558)] GetFileAttributes C:\Users\ALEKSA~1.RYZ\AppData\Local\Temp\scoped_dir20720_1244800141\Crashpad: The system cannot find the file specified. (0x2)
[0731/211327.028:ERROR:crash_report_database_win.cc(558)] GetFileAttributes C:\Users\ALEKSA~1.RYZ\AppData\Local\Temp\scoped_dir5644_1742916966\Crashpad: The system cannot find the file specified. (0x2)
[0731/211352.913:ERROR:crash_report_database_win.cc(558)] GetFileAttributes C:\Users\ALEKSA~1.RYZ\AppData\Local\Temp\scoped_dir17196_1628139173\Crashpad: The system cannot find the file specified. (0x2)
[0731/211433.289:ERROR:crash_report_database_win.cc(558)] GetFileAttributes C:\Users\ALEKSA~1.RYZ\AppData\Local\Temp\scoped_dir19160_877533773\Crashpad: The system cannot find the file specified. (0x2)
[0731/211454.136:ERROR:crash_report_database_win.cc(558)] GetFileAttributes C:\Users\ALEKSA~1.RYZ\AppData\Local\Temp\scoped_dir22028_1325483930\Crashpad: The system cannot find the file specified. (0x2)
[0731/211515.870:ERROR:crash_report_database_win.cc(558)] GetFileAttributes C:\Users\ALEKSA~1.RYZ\AppData\Local\Temp\scoped_dir16472_23877400\Crashpad: The system cannot find the file specified. (0x2)
[0731/211606.491:ERROR:crash_report_database_win.cc(558)] GetFileAttributes C:\Users\ALEKSA~1.RYZ\AppData\Local\Temp\scoped_dir21200_998693359\Crashpad: The system cannot find the file specified. (0x2)
[0731/212232.867:ERROR:crash_report_database_win.cc(558)] GetFileAttributes C:\Users\ALEKSA~1.RYZ\AppData\Local\Temp\scoped_dir11368_1135269942\Crashpad: The system cannot find the file specified. (0x2)
[0731/212256.161:ERROR:crash_report_database_win.cc(558)] GetFileAttributes C:\Users\ALEKSA~1.RYZ\AppData\Local\Temp\scoped_dir10692_1457102113\Crashpad: The system cannot find the file specified. (0x2)
[0731/212315.470:ERROR:crash_report_database_win.cc(558)] GetFileAttributes C:\Users\ALEKSA~1.RYZ\AppData\Local\Temp\scoped_dir19232_494667693\Crashpad: The system cannot find the file specified. (0x2)
[0731/212836.356:ERROR:crash_report_database_win.cc(558)] GetFileAttributes C:\Users\ALEKSA~1.RYZ\AppData\Local\Temp\scoped_dir15812_1896131857\Crashpad: The system cannot find the file specified. (0x2)
[0731/212916.077:ERROR:crash_report_database_win.cc(558)] GetFileAttributes C:\Users\ALEKSA~1.RYZ\AppData\Local\Temp\scoped_dir16808_199035701\Crashpad: The system cannot find the file specified. (0x2)
[0731/213057.248:ERROR:crash_report_database_win.cc(558)] GetFileAttributes C:\Users\ALEKSA~1.RYZ\AppData\Local\Temp\scoped_dir1940_1495594392\Crashpad: The system cannot find the file specified. (0x2)
[0731/213109.003:ERROR:crash_report_database_win.cc(558)] GetFileAttributes C:\Users\ALEKSA~1.RYZ\AppData\Local\Temp\scoped_dir7740_851405589\Crashpad: The system cannot find the file specified. (0x2)
[0731/213121.858:ERROR:crash_report_database_win.cc(558)] GetFileAttributes C:\Users\ALEKSA~1.RYZ\AppData\Local\Temp\scoped_dir4980_1453405513\Crashpad: The system cannot find the file specified. (0x2)
[0731/213133.447:ERROR:crash_report_database_win.cc(558)] GetFileAttributes C:\Users\ALEKSA~1.RYZ\AppData\Local\Temp\scoped_dir18660_1596939406\Crashpad: The system cannot find the file specified. (0x2)
[0731/213144.799:ERROR:crash_report_database_win.cc(558)] GetFileAttributes C:\Users\ALEKSA~1.RYZ\AppData\Local\Temp\scoped_dir7252_1419118222\Crashpad: The system cannot find the file specified. (0x2)
[0731/213207.455:ERROR:crash_report_database_win.cc(558)] GetFileAttributes C:\Users\ALEKSA~1.RYZ\AppData\Local\Temp\scoped_dir2936_754984047\Crashpad: The system cannot find the file specified. (0x2)
[0731/213241.072:ERROR:crash_report_database_win.cc(558)] GetFileAttributes C:\Users\ALEKSA~1.RYZ\AppData\Local\Temp\scoped_dir12056_704389622\Crashpad: The system cannot find the file specified. (0x2)
[0731/213302.497:ERROR:crash_report_database_win.cc(558)] GetFileAttributes C:\Users\ALEKSA~1.RYZ\AppData\Local\Temp\scoped_dir8920_787420156\Crashpad: The system cannot find the file specified. (0x2)
[0731/213343.034:ERROR:crash_report_database_win.cc(558)] GetFileAttributes C:\Users\ALEKSA~1.RYZ\AppData\Local\Temp\scoped_dir20668_498818478\Crashpad: The system cannot find the file specified. (0x2)
[0731/213352.069:ERROR:crash_report_database_win.cc(558)] GetFileAttributes C:\Users\ALEKSA~1.RYZ\AppData\Local\Temp\scoped_dir8232_118735758\Crashpad: The system cannot find the file specified. (0x2)
[0731/213411.931:ERROR:crash_report_database_win.cc(558)] GetFileAttributes C:\Users\ALEKSA~1.RYZ\AppData\Local\Temp\scoped_dir900_85375381\Crashpad: The system cannot find the file specified. (0x2)
[0731/213437.075:ERROR:crash_report_database_win.cc(558)] GetFileAttributes C:\Users\ALEKSA~1.RYZ\AppData\Local\Temp\scoped_dir16172_634870655\Crashpad: The system cannot find the file specified. (0x2)
[0731/213710.760:ERROR:crash_report_database_win.cc(558)] GetFileAttributes C:\Users\ALEKSA~1.RYZ\AppData\Local\Temp\scoped_dir18032_1402267098\Crashpad: The system cannot find the file specified. (0x2)
[0731/213731.696:ERROR:crash_report_database_win.cc(558)] GetFileAttributes C:\Users\ALEKSA~1.RYZ\AppData\Local\Temp\scoped_dir3784_1209335026\Crashpad: The system cannot find the file specified. (0x2)
[0731/213741.970:ERROR:crash_report_database_win.cc(558)] GetFileAttributes C:\Users\ALEKSA~1.RYZ\AppData\Local\Temp\scoped_dir17048_592724367\Crashpad: The system cannot find the file specified. (0x2)
[0731/213754.956:ERROR:crash_report_database_win.cc(558)] GetFileAttributes C:\Users\ALEKSA~1.RYZ\AppData\Local\Temp\scoped_dir3980_577940174\Crashpad: The system cannot find the file specified. (0x2)
[0731/213805.841:ERROR:crash_report_database_win.cc(558)] GetFileAttributes C:\Users\ALEKSA~1.RYZ\AppData\Local\Temp\scoped_dir900_1927481999\Crashpad: The system cannot find the file specified. (0x2)
[0731/213816.199:ERROR:crash_report_database_win.cc(558)] GetFileAttributes C:\Users\ALEKSA~1.RYZ\AppData\Local\Temp\scoped_dir21788_523087602\Crashpad: The system cannot find the file specified. (0x2)
[0731/213826.955:ERROR:crash_report_database_win.cc(558)] GetFileAttributes C:\Users\ALEKSA~1.RYZ\AppData\Local\Temp\scoped_dir4412_1704620146\Crashpad: The system cannot find the file specified. (0x2)
[0731/213837.402:ERROR:crash_report_database_win.cc(558)] GetFileAttributes C:\Users\ALEKSA~1.RYZ\AppData\Local\Temp\scoped_dir18308_1322773852\Crashpad: The system cannot find the file specified. (0x2)
[0731/213857.794:ERROR:crash_report_database_win.cc(558)] GetFileAttributes C:\Users\ALEKSA~1.RYZ\AppData\Local\Temp\scoped_dir7412_450187675\Crashpad: The system cannot find the file specified. (0x2)
[0731/213908.651:ERROR:crash_report_database_win.cc(558)] GetFileAttributes C:\Users\ALEKSA~1.RYZ\AppData\Local\Temp\scoped_dir8856_301723688\Crashpad: The system cannot find the file specified. (0x2)
[0731/213920.018:ERROR:crash_report_database_win.cc(558)] GetFileAttributes C:\Users\ALEKSA~1.RYZ\AppData\Local\Temp\scoped_dir13836_455129613\Crashpad: The system cannot find the file specified. (0x2)
[0731/213941.224:ERROR:crash_report_database_win.cc(558)] GetFileAttributes C:\Users\ALEKSA~1.RYZ\AppData\Local\Temp\scoped_dir16968_1483127045\Crashpad: The system cannot find the file specified. (0x2)
[0731/214000.602:ERROR:crash_report_database_win.cc(558)] GetFileAttributes C:\Users\ALEKSA~1.RYZ\AppData\Local\Temp\scoped_dir20416_1912682234\Crashpad: The system cannot find the file specified. (0x2)
[0731/214015.215:ERROR:crash_report_database_win.cc(558)] GetFileAttributes C:\Users\ALEKSA~1.RYZ\AppData\Local\Temp\scoped_dir18072_1386110054\Crashpad: The system cannot find the file specified. (0x2)
[0731/214024.715:ERROR:crash_report_database_win.cc(558)] GetFileAttributes C:\Users\ALEKSA~1.RYZ\AppData\Local\Temp\scoped_dir18716_1171038206\Crashpad: The system cannot find the file specified. (0x2)
[0731/214034.276:ERROR:crash_report_database_win.cc(558)] GetFileAttributes C:\Users\ALEKSA~1.RYZ\AppData\Local\Temp\scoped_dir22728_1882430268\Crashpad: The system cannot find the file specified. (0x2)
[0731/214054.319:ERROR:crash_report_database_win.cc(558)] GetFileAttributes C:\Users\ALEKSA~1.RYZ\AppData\Local\Temp\scoped_dir19512_554438083\Crashpad: The system cannot find the file specified. (0x2)
[0731/214132.026:ERROR:crash_report_database_win.cc(558)] GetFileAttributes C:\Users\ALEKSA~1.RYZ\AppData\Local\Temp\scoped_dir22716_1137138205\Crashpad: The system cannot find the file specified. (0x2)
[0731/214245.297:ERROR:prune_crash_reports.cc(35)] PruneCrashReportDatabase: Failed to get pending reports
[0731/214329.454:ERROR:crash_report_database_win.cc(558)] GetFileAttributes C:\Users\ALEKSA~1.RYZ\AppData\Local\Temp\scoped_dir22976_324387725\Crashpad: The system cannot find the file specified. (0x2)
[0731/214337.766:ERROR:crash_report_database_win.cc(558)] GetFileAttributes C:\Users\ALEKSA~1.RYZ\AppData\Local\Temp\scoped_dir21788_2021455731\Crashpad: The system cannot find the file specified. (0x2)
[0731/214357.807:ERROR:crash_report_database_win.cc(558)] GetFileAttributes C:\Users\ALEKSA~1.RYZ\AppData\Local\Temp\scoped_dir21600_1504911635\Crashpad: The system cannot find the file specified. (0x2)
[0731/214442.032:ERROR:crash_report_database_win.cc(558)] GetFileAttributes C:\Users\ALEKSA~1.RYZ\AppData\Local\Temp\scoped_dir23068_240983853\Crashpad: The system cannot find the file specified. (0x2)
[0731/214451.272:ERROR:crash_report_database_win.cc(558)] GetFileAttributes C:\Users\ALEKSA~1.RYZ\AppData\Local\Temp\scoped_dir22716_677447321\Crashpad: The system cannot find the file specified. (0x2)
[0731/214511.307:ERROR:crash_report_database_win.cc(558)] GetFileAttributes C:\Users\ALEKSA~1.RYZ\AppData\Local\Temp\scoped_dir10620_572818042\Crashpad: The system cannot find the file specified. (0x2)
[0801/152904.063:ERROR:crash_report_database_win.cc(558)] GetFileAttributes C:\Users\ALEKSA~1.RYZ\AppData\Local\Temp\scoped_dir7404_1669073280\Crashpad: The system cannot find the file specified. (0x2)
[0801/152914.815:ERROR:crash_report_database_win.cc(558)] GetFileAttributes C:\Users\ALEKSA~1.RYZ\AppData\Local\Temp\scoped_dir22956_1851532791\Crashpad: The system cannot find the file specified. (0x2)
[0801/152925.689:ERROR:crash_report_database_win.cc(558)] GetFileAttributes C:\Users\ALEKSA~1.RYZ\AppData\Local\Temp\scoped_dir21308_1387434373\Crashpad: The system cannot find the file specified. (0x2)
[0801/152936.468:ERROR:crash_report_database_win.cc(558)] GetFileAttributes C:\Users\ALEKSA~1.RYZ\AppData\Local\Temp\scoped_dir13888_276594700\Crashpad: The system cannot find the file specified. (0x2)
[0801/152946.890:ERROR:crash_report_database_win.cc(558)] GetFileAttributes C:\Users\ALEKSA~1.RYZ\AppData\Local\Temp\scoped_dir1672_1348397980\Crashpad: The system cannot find the file specified. (0x2)
[0801/152957.304:ERROR:crash_report_database_win.cc(558)] GetFileAttributes C:\Users\ALEKSA~1.RYZ\AppData\Local\Temp\scoped_dir32_402359554\Crashpad: The system cannot find the file specified. (0x2)
[0801/153007.966:ERROR:crash_report_database_win.cc(558)] GetFileAttributes C:\Users\ALEKSA~1.RYZ\AppData\Local\Temp\scoped_dir23472_1226702385\Crashpad: The system cannot find the file specified. (0x2)
[0801/153018.865:ERROR:crash_report_database_win.cc(558)] GetFileAttributes C:\Users\ALEKSA~1.RYZ\AppData\Local\Temp\scoped_dir19200_1342235564\Crashpad: The system cannot find the file specified. (0x2)
[0801/153029.981:ERROR:crash_report_database_win.cc(558)] GetFileAttributes C:\Users\ALEKSA~1.RYZ\AppData\Local\Temp\scoped_dir17664_1988282614\Crashpad: The system cannot find the file specified. (0x2)
[0801/153040.423:ERROR:crash_report_database_win.cc(558)] GetFileAttributes C:\Users\ALEKSA~1.RYZ\AppData\Local\Temp\scoped_dir25332_553435062\Crashpad: The system cannot find the file specified. (0x2)
[0801/153049.279:ERROR:crash_report_database_win.cc(558)] GetFileAttributes C:\Users\ALEKSA~1.RYZ\AppData\Local\Temp\scoped_dir25540_2093402182\Crashpad: The system cannot find the file specified. (0x2)
[0801/153109.491:ERROR:crash_report_database_win.cc(558)] GetFileAttributes C:\Users\ALEKSA~1.RYZ\AppData\Local\Temp\scoped_dir7656_718844584\Crashpad: The system cannot find the file specified. (0x2)
[0801/153352.969:ERROR:crash_report_database_win.cc(558)] GetFileAttributes C:\Users\ALEKSA~1.RYZ\AppData\Local\Temp\scoped_dir21020_1522516714\Crashpad: The system cannot find the file specified. (0x2)
[0801/153443.002:ERROR:crash_report_database_win.cc(558)] GetFileAttributes C:\Users\ALEKSA~1.RYZ\AppData\Local\Temp\scoped_dir14428_1479134477\Crashpad: The system cannot find the file specified. (0x2)
[0801/153453.844:ERROR:crash_report_database_win.cc(558)] GetFileAttributes C:\Users\ALEKSA~1.RYZ\AppData\Local\Temp\scoped_dir22812_218504288\Crashpad: The system cannot find the file specified. (0x2)
[0801/153504.398:ERROR:crash_report_database_win.cc(558)] GetFileAttributes C:\Users\ALEKSA~1.RYZ\AppData\Local\Temp\scoped_dir19844_1000521069\Crashpad: The system cannot find the file specified. (0x2)
[0801/153514.825:ERROR:crash_report_database_win.cc(558)] GetFileAttributes C:\Users\ALEKSA~1.RYZ\AppData\Local\Temp\scoped_dir2928_1419485713\Crashpad: The system cannot find the file specified. (0x2)
[0801/153529.980:ERROR:crash_report_database_win.cc(558)] GetFileAttributes C:\Users\ALEKSA~1.RYZ\AppData\Local\Temp\scoped_dir25224_868394474\Crashpad: The system cannot find the file specified. (0x2)
[0801/153539.529:ERROR:crash_report_database_win.cc(558)] GetFileAttributes C:\Users\ALEKSA~1.RYZ\AppData\Local\Temp\scoped_dir22088_677818563\Crashpad: The system cannot find the file specified. (0x2)
[0801/153600.131:ERROR:crash_report_database_win.cc(558)] GetFileAttributes C:\Users\ALEKSA~1.RYZ\AppData\Local\Temp\scoped_dir21548_589987834\Crashpad: The system cannot find the file specified. (0x2)
[0801/155852.779:ERROR:crash_report_database_win.cc(558)] GetFileAttributes C:\Users\ALEKSA~1.RYZ\AppData\Local\Temp\scoped_dir4464_600920933\Crashpad: The system cannot find the file specified. (0x2)
[0801/155902.835:ERROR:crash_report_database_win.cc(558)] GetFileAttributes C:\Users\ALEKSA~1.RYZ\AppData\Local\Temp\scoped_dir13108_1986862195\Crashpad: The system cannot find the file specified. (0x2)
[0801/155913.175:ERROR:crash_report_database_win.cc(558)] GetFileAttributes C:\Users\ALEKSA~1.RYZ\AppData\Local\Temp\scoped_dir23188_592407931\Crashpad: The system cannot find the file specified. (0x2)
[0801/155924.601:ERROR:crash_report_database_win.cc(558)] GetFileAttributes C:\Users\ALEKSA~1.RYZ\AppData\Local\Temp\scoped_dir8732_1964696324\Crashpad: The system cannot find the file specified. (0x2)
[0801/155935.308:ERROR:crash_report_database_win.cc(558)] GetFileAttributes C:\Users\ALEKSA~1.RYZ\AppData\Local\Temp\scoped_dir21740_941009799\Crashpad: The system cannot find the file specified. (0x2)
[0801/155945.961:ERROR:crash_report_database_win.cc(558)] GetFileAttributes C:\Users\ALEKSA~1.RYZ\AppData\Local\Temp\scoped_dir23780_206640285\Crashpad: The system cannot find the file specified. (0x2)
[0801/155958.944:ERROR:crash_report_database_win.cc(558)] GetFileAttributes C:\Users\ALEKSA~1.RYZ\AppData\Local\Temp\scoped_dir7176_1406001076\Crashpad: The system cannot find the file specified. (0x2)
[0801/160010.927:ERROR:crash_report_database_win.cc(558)] GetFileAttributes C:\Users\ALEKSA~1.RYZ\AppData\Local\Temp\scoped_dir15944_307191579\Crashpad: The system cannot find the file specified. (0x2)
[0801/160047.193:ERROR:crash_report_database_win.cc(558)] GetFileAttributes C:\Users\ALEKSA~1.RYZ\AppData\Local\Temp\scoped_dir10844_996231208\Crashpad: The system cannot find the file specified. (0x2)
[0801/160107.772:ERROR:crash_report_database_win.cc(558)] GetFileAttributes C:\Users\ALEKSA~1.RYZ\AppData\Local\Temp\scoped_dir21240_431099170\Crashpad: The system cannot find the file specified. (0x2)
[0801/160116.984:ERROR:crash_report_database_win.cc(558)] GetFileAttributes C:\Users\ALEKSA~1.RYZ\AppData\Local\Temp\scoped_dir5008_800600349\Crashpad: The system cannot find the file specified. (0x2)
[0801/161440.269:ERROR:crash_report_database_win.cc(558)] GetFileAttributes C:\Users\ALEKSA~1.RYZ\AppData\Local\Temp\scoped_dir22560_322051959\Crashpad: The system cannot find the file specified. (0x2)
[0801/161452.626:ERROR:crash_report_database_win.cc(558)] GetFileAttributes C:\Users\ALEKSA~1.RYZ\AppData\Local\Temp\scoped_dir20772_1321007225\Crashpad: The system cannot find the file specified. (0x2)
[0801/162319.902:ERROR:crash_report_database_win.cc(558)] GetFileAttributes C:\Users\ALEKSA~1.RYZ\AppData\Local\Temp\scoped_dir19364_928360307\Crashpad: The system cannot find the file specified. (0x2)
[0801/162330.417:ERROR:crash_report_database_win.cc(558)] GetFileAttributes C:\Users\ALEKSA~1.RYZ\AppData\Local\Temp\scoped_dir25248_1188026312\Crashpad: The system cannot find the file specified. (0x2)
[0801/162341.160:ERROR:crash_report_database_win.cc(558)] GetFileAttributes C:\Users\ALEKSA~1.RYZ\AppData\Local\Temp\scoped_dir13408_955852690\Crashpad: The system cannot find the file specified. (0x2)
[0801/162351.805:ERROR:crash_report_database_win.cc(558)] GetFileAttributes C:\Users\ALEKSA~1.RYZ\AppData\Local\Temp\scoped_dir4176_298077515\Crashpad: The system cannot find the file specified. (0x2)
[0801/162402.833:ERROR:crash_report_database_win.cc(558)] GetFileAttributes C:\Users\ALEKSA~1.RYZ\AppData\Local\Temp\scoped_dir13752_237513006\Crashpad: The system cannot find the file specified. (0x2)
[0801/162413.037:ERROR:crash_report_database_win.cc(558)] GetFileAttributes C:\Users\ALEKSA~1.RYZ\AppData\Local\Temp\scoped_dir10272_135860311\Crashpad: The system cannot find the file specified. (0x2)
[0801/162423.964:ERROR:crash_report_database_win.cc(558)] GetFileAttributes C:\Users\ALEKSA~1.RYZ\AppData\Local\Temp\scoped_dir4172_1166355697\Crashpad: The system cannot find the file specified. (0x2)
[0801/162435.352:ERROR:crash_report_database_win.cc(558)] GetFileAttributes C:\Users\ALEKSA~1.RYZ\AppData\Local\Temp\scoped_dir2140_1283671660\Crashpad: The system cannot find the file specified. (0x2)
[0801/162444.458:ERROR:crash_report_database_win.cc(558)] GetFileAttributes C:\Users\ALEKSA~1.RYZ\AppData\Local\Temp\scoped_dir18412_2129088923\Crashpad: The system cannot find the file specified. (0x2)
[0801/162504.313:ERROR:crash_report_database_win.cc(558)] GetFileAttributes C:\Users\ALEKSA~1.RYZ\AppData\Local\Temp\scoped_dir3452_766536888\Crashpad: The system cannot find the file specified. (0x2)
[0801/162526.858:ERROR:crash_report_database_win.cc(558)] GetFileAttributes C:\Users\ALEKSA~1.RYZ\AppData\Local\Temp\scoped_dir13564_570212117\Crashpad: The system cannot find the file specified. (0x2)
[0801/162646.840:ERROR:crash_report_database_win.cc(558)] GetFileAttributes C:\Users\ALEKSA~1.RYZ\AppData\Local\Temp\scoped_dir4996_1508532010\Crashpad: The system cannot find the file specified. (0x2)
[0801/162708.459:ERROR:crash_report_database_win.cc(558)] GetFileAttributes C:\Users\ALEKSA~1.RYZ\AppData\Local\Temp\scoped_dir18740_1922162835\Crashpad: The system cannot find the file specified. (0x2)
[0801/162801.798:ERROR:crash_report_database_win.cc(558)] GetFileAttributes C:\Users\ALEKSA~1.RYZ\AppData\Local\Temp\scoped_dir25976_1363614715\Crashpad: The system cannot find the file specified. (0x2)
[0801/162832.956:ERROR:crash_report_database_win.cc(558)] GetFileAttributes C:\Users\ALEKSA~1.RYZ\AppData\Local\Temp\scoped_dir12196_1513143057\Crashpad: The system cannot find the file specified. (0x2)
[0801/162844.251:ERROR:crash_report_database_win.cc(558)] GetFileAttributes C:\Users\ALEKSA~1.RYZ\AppData\Local\Temp\scoped_dir25928_2025043265\Crashpad: The system cannot find the file specified. (0x2)
[0801/162855.364:ERROR:crash_report_database_win.cc(558)] GetFileAttributes C:\Users\ALEKSA~1.RYZ\AppData\Local\Temp\scoped_dir10228_977256284\Crashpad: The system cannot find the file specified. (0x2)
[0801/162915.569:ERROR:crash_report_database_win.cc(558)] GetFileAttributes C:\Users\ALEKSA~1.RYZ\AppData\Local\Temp\scoped_dir7560_1368603525\Crashpad: The system cannot find the file specified. (0x2)
[0801/162937.230:ERROR:crash_report_database_win.cc(558)] GetFileAttributes C:\Users\ALEKSA~1.RYZ\AppData\Local\Temp\scoped_dir26244_214040673\Crashpad: The system cannot find the file specified. (0x2)
[0801/162939.760:ERROR:crash_report_database_win.cc(558)] GetFileAttributes C:\Users\ALEKSA~1.RYZ\AppData\Local\Temp\scoped_dir23688_1069249750\Crashpad: The system cannot find the file specified. (0x2)
[0801/162959.301:ERROR:crash_report_database_win.cc(558)] GetFileAttributes C:\Users\ALEKSA~1.RYZ\AppData\Local\Temp\scoped_dir9008_921766271\Crashpad: The system cannot find the file specified. (0x2)
[0801/163022.609:ERROR:crash_report_database_win.cc(558)] GetFileAttributes C:\Users\ALEKSA~1.RYZ\AppData\Local\Temp\scoped_dir15292_1469649440\Crashpad: The system cannot find the file specified. (0x2)
[0801/163045.935:ERROR:crash_report_database_win.cc(558)] GetFileAttributes C:\Users\ALEKSA~1.RYZ\AppData\Local\Temp\scoped_dir14504_1513752566\Crashpad: The system cannot find the file specified. (0x2)
[0801/163100.544:ERROR:crash_report_database_win.cc(558)] GetFileAttributes C:\Users\ALEKSA~1.RYZ\AppData\Local\Temp\scoped_dir5892_263064788\Crashpad: The system cannot find the file specified. (0x2)
[0801/163223.736:ERROR:crash_report_database_win.cc(558)] GetFileAttributes C:\Users\ALEKSA~1.RYZ\AppData\Local\Temp\scoped_dir18868_1177924239\Crashpad: The system cannot find the file specified. (0x2)
[0801/163236.070:ERROR:crash_report_database_win.cc(558)] GetFileAttributes C:\Users\ALEKSA~1.RYZ\AppData\Local\Temp\scoped_dir24072_250819899\Crashpad: The system cannot find the file specified. (0x2)
[0801/163247.378:ERROR:crash_report_database_win.cc(558)] GetFileAttributes C:\Users\ALEKSA~1.RYZ\AppData\Local\Temp\scoped_dir18328_690665228\Crashpad: The system cannot find the file specified. (0x2)
[0801/163300.020:ERROR:crash_report_database_win.cc(558)] GetFileAttributes C:\Users\ALEKSA~1.RYZ\AppData\Local\Temp\scoped_dir25916_227022576\Crashpad: The system cannot find the file specified. (0x2)
[0801/163311.631:ERROR:crash_report_database_win.cc(558)] GetFileAttributes C:\Users\ALEKSA~1.RYZ\AppData\Local\Temp\scoped_dir13272_1146861\Crashpad: The system cannot find the file specified. (0x2)
[0801/163324.723:ERROR:crash_report_database_win.cc(558)] GetFileAttributes C:\Users\ALEKSA~1.RYZ\AppData\Local\Temp\scoped_dir26344_1367350430\Crashpad: The system cannot find the file specified. (0x2)
[0801/163335.464:ERROR:crash_report_database_win.cc(558)] GetFileAttributes C:\Users\ALEKSA~1.RYZ\AppData\Local\Temp\scoped_dir7848_1729718478\Crashpad: The system cannot find the file specified. (0x2)
[0801/163346.930:ERROR:crash_report_database_win.cc(558)] GetFileAttributes C:\Users\ALEKSA~1.RYZ\AppData\Local\Temp\scoped_dir26220_56837407\Crashpad: The system cannot find the file specified. (0x2)
[0801/163357.476:ERROR:crash_report_database_win.cc(558)] GetFileAttributes C:\Users\ALEKSA~1.RYZ\AppData\Local\Temp\scoped_dir23648_432193264\Crashpad: The system cannot find the file specified. (0x2)
[0801/163409.334:ERROR:crash_report_database_win.cc(558)] GetFileAttributes C:\Users\ALEKSA~1.RYZ\AppData\Local\Temp\scoped_dir26160_1667600691\Crashpad: The system cannot find the file specified. (0x2)
[0801/163429.101:ERROR:crash_report_database_win.cc(558)] GetFileAttributes C:\Users\ALEKSA~1.RYZ\AppData\Local\Temp\scoped_dir24128_1322789352\Crashpad: The system cannot find the file specified. (0x2)
[0801/163438.611:ERROR:crash_report_database_win.cc(558)] GetFileAttributes C:\Users\ALEKSA~1.RYZ\AppData\Local\Temp\scoped_dir10208_862354422\Crashpad: The system cannot find the file specified. (0x2)
[0801/163608.738:ERROR:crash_report_database_win.cc(558)] GetFileAttributes C:\Users\ALEKSA~1.RYZ\AppData\Local\Temp\scoped_dir25920_1272200070\Crashpad: The system cannot find the file specified. (0x2)
[0801/163619.124:ERROR:crash_report_database_win.cc(558)] GetFileAttributes C:\Users\ALEKSA~1.RYZ\AppData\Local\Temp\scoped_dir21696_884828227\Crashpad: The system cannot find the file specified. (0x2)
[0801/163630.021:ERROR:crash_report_database_win.cc(558)] GetFileAttributes C:\Users\ALEKSA~1.RYZ\AppData\Local\Temp\scoped_dir21616_2079847372\Crashpad: The system cannot find the file specified. (0x2)
[0801/163640.600:ERROR:crash_report_database_win.cc(558)] GetFileAttributes C:\Users\ALEKSA~1.RYZ\AppData\Local\Temp\scoped_dir25832_991924157\Crashpad: The system cannot find the file specified. (0x2)
[0801/163652.806:ERROR:crash_report_database_win.cc(558)] GetFileAttributes C:\Users\ALEKSA~1.RYZ\AppData\Local\Temp\scoped_dir24556_388474201\Crashpad: The system cannot find the file specified. (0x2)
[0801/163722.286:ERROR:crash_report_database_win.cc(558)] GetFileAttributes C:\Users\ALEKSA~1.RYZ\AppData\Local\Temp\scoped_dir9440_1930321665\Crashpad: The system cannot find the file specified. (0x2)
[0801/163732.744:ERROR:crash_report_database_win.cc(558)] GetFileAttributes C:\Users\ALEKSA~1.RYZ\AppData\Local\Temp\scoped_dir26456_1485198817\Crashpad: The system cannot find the file specified. (0x2)
[0801/163743.490:ERROR:crash_report_database_win.cc(558)] GetFileAttributes C:\Users\ALEKSA~1.RYZ\AppData\Local\Temp\scoped_dir19632_724397528\Crashpad: The system cannot find the file specified. (0x2)
[0801/163803.811:ERROR:crash_report_database_win.cc(558)] GetFileAttributes C:\Users\ALEKSA~1.RYZ\AppData\Local\Temp\scoped_dir25152_1925593168\Crashpad: The system cannot find the file specified. (0x2)
[0801/163827.776:ERROR:crash_report_database_win.cc(558)] GetFileAttributes C:\Users\ALEKSA~1.RYZ\AppData\Local\Temp\scoped_dir26840_566260294\Crashpad: The system cannot find the file specified. (0x2)
[0801/163828.111:ERROR:crash_report_database_win.cc(558)] GetFileAttributes C:\Users\ALEKSA~1.RYZ\AppData\Local\Temp\scoped_dir16716_488449868\Crashpad: The system cannot find the file specified. (0x2)
[0801/170014.458:ERROR:process_reader_win.cc(123)] NtOpenThread: {Access Denied} A process has requested access to an object, but has not been granted those access rights. (0xc0000022)
[0801/170014.461:ERROR:exception_snapshot_win.cc(98)] thread ID 21964 not found in process
